<?xml version="1.0" encoding="UTF-8"?>
<!-- Generated by org.testng.reporters.JUnitReportReporter -->
<testsuite hostname="DELL-C0HKRC2" failures="0" tests="1" name="pruebas.AutomationPracticeTest" time="14.161" errors="0" timestamp="2022-06-21T09:06:36 ART" skipped="0">
  <testcase classname="pruebas.AutomationPracticeTest" name="irAContactanos" time="14.161"/>
  <system-out/>
</testsuite> <!-- pruebas.AutomationPracticeTest -->
