<?xml version="1.0" encoding="UTF-8"?>
<!-- Generated by org.testng.reporters.JUnitReportReporter -->
<testsuite hostname="DELL-C0HKRC2" failures="0" tests="1" name="Edit.EcoTesting.Clase7b" time="0.516" errors="0" timestamp="2022-06-16T09:56:31 ART" skipped="0">
  <testcase classname="Edit.EcoTesting.Clase7b" name="alerta4" time="0.516"/>
  <system-out/>
</testsuite> <!-- Edit.EcoTesting.Clase7b -->
